/home/strass/projects/exalted-roller/node_modules/ws/lib/WebSocket.js:219
    else throw new Error('not opened');
         ^

Error: not opened
    at WebSocket.send (/home/strass/projects/exalted-roller/node_modules/ws/lib/WebSocket.js:219:16)
    at WebSocketManager.send (/home/strass/projects/exalted-roller/node_modules/discord.js/src/client/websocket/WebSocketManager.js:78:15)
    at Timeout.heartbeatInterval.client.setInterval [as _repeat] (/home/strass/projects/exalted-roller/node_modules/discord.js/src/client/ClientManager.js:44:22)
    at Timeout.wrapper [as _onTimeout] (timers.js:425:11)
    at tryOnTimeout (timers.js:232:11)
    at Timer.listOnTimeout (timers.js:202:5)
/home/strass/projects/exalted-roller/node_modules/ws/lib/WebSocket.js:219
    else throw new Error('not opened');
         ^

Error: not opened
    at WebSocket.send (/home/strass/projects/exalted-roller/node_modules/ws/lib/WebSocket.js:219:16)
    at WebSocketManager.send (/home/strass/projects/exalted-roller/node_modules/discord.js/src/client/websocket/WebSocketManager.js:78:15)
    at Timeout.heartbeatInterval.client.setInterval [as _repeat] (/home/strass/projects/exalted-roller/node_modules/discord.js/src/client/ClientManager.js:44:22)
    at Timeout.wrapper [as _onTimeout] (timers.js:425:11)
    at tryOnTimeout (timers.js:232:11)
    at Timer.listOnTimeout (timers.js:202:5)
/home/strass/projects/exalted-roller/node_modules/ws/lib/WebSocket.js:219
    else throw new Error('not opened');
         ^

Error: not opened
    at WebSocket.send (/home/strass/projects/exalted-roller/node_modules/ws/lib/WebSocket.js:219:16)
    at WebSocketManager.send (/home/strass/projects/exalted-roller/node_modules/discord.js/src/client/websocket/WebSocketManager.js:78:15)
    at Timeout.heartbeatInterval.client.setInterval [as _repeat] (/home/strass/projects/exalted-roller/node_modules/discord.js/src/client/ClientManager.js:44:22)
    at Timeout.wrapper [as _onTimeout] (timers.js:425:11)
    at tryOnTimeout (timers.js:232:11)
    at Timer.listOnTimeout (timers.js:202:5)
/home/strass/projects/exalted-roller/node_modules/ws/lib/WebSocket.js:219
    else throw new Error('not opened');
         ^

Error: not opened
    at WebSocket.send (/home/strass/projects/exalted-roller/node_modules/ws/lib/WebSocket.js:219:16)
    at WebSocketManager.send (/home/strass/projects/exalted-roller/node_modules/discord.js/src/client/websocket/WebSocketManager.js:78:15)
    at Timeout.heartbeatInterval.client.setInterval [as _repeat] (/home/strass/projects/exalted-roller/node_modules/discord.js/src/client/ClientManager.js:44:22)
    at Timeout.wrapper [as _onTimeout] (timers.js:425:11)
    at tryOnTimeout (timers.js:232:11)
    at Timer.listOnTimeout (timers.js:202:5)
/home/strass/projects/exalted-roller/node_modules/ws/lib/WebSocket.js:219
    else throw new Error('not opened');
         ^

Error: not opened
    at WebSocket.send (/home/strass/projects/exalted-roller/node_modules/ws/lib/WebSocket.js:219:16)
    at WebSocketManager.send (/home/strass/projects/exalted-roller/node_modules/discord.js/src/client/websocket/WebSocketManager.js:78:15)
    at Timeout.heartbeatInterval.client.setInterval [as _repeat] (/home/strass/projects/exalted-roller/node_modules/discord.js/src/client/ClientManager.js:44:22)
    at Timeout.wrapper [as _onTimeout] (timers.js:425:11)
    at tryOnTimeout (timers.js:232:11)
    at Timer.listOnTimeout (timers.js:202:5)
/home/strass/projects/exalted-roller/exalted-roller.js:129
                reroll.forEach(function(item) {
                      ^

TypeError: Cannot read property 'forEach' of null
    at parseMessage (/home/strass/projects/exalted-roller/exalted-roller.js:129:23)
    at Client.mybot.on.message (/home/strass/projects/exalted-roller/exalted-roller.js:13:23)
    at emitOne (events.js:96:13)
    at Client.emit (events.js:188:7)
    at MessageCreateHandler.handle (/home/strass/projects/exalted-roller/node_modules/discord.js/src/client/websocket/packets/handlers/MessageCreate.js:9:34)
    at WebSocketPacketManager.handle (/home/strass/projects/exalted-roller/node_modules/discord.js/src/client/websocket/packets/WebSocketPacketManager.js:93:65)
    at WebSocketManager.eventMessage (/home/strass/projects/exalted-roller/node_modules/discord.js/src/client/websocket/WebSocketManager.js:176:31)
    at WebSocket.ws.onmessage (/home/strass/projects/exalted-roller/node_modules/discord.js/src/client/websocket/WebSocketManager.js:65:37)
    at WebSocket.onMessage (/home/strass/projects/exalted-roller/node_modules/ws/lib/WebSocket.js:442:14)
    at emitTwo (events.js:106:13)
    at WebSocket.emit (events.js:191:7)
/home/strass/projects/exalted-roller/node_modules/ws/lib/WebSocket.js:219
    else throw new Error('not opened');
         ^

Error: not opened
    at WebSocket.send (/home/strass/projects/exalted-roller/node_modules/ws/lib/WebSocket.js:219:16)
    at WebSocketManager.send (/home/strass/projects/exalted-roller/node_modules/discord.js/src/client/websocket/WebSocketManager.js:78:15)
    at Timeout.heartbeatInterval.client.setInterval [as _repeat] (/home/strass/projects/exalted-roller/node_modules/discord.js/src/client/ClientManager.js:44:22)
    at Timeout.wrapper [as _onTimeout] (timers.js:425:11)
    at tryOnTimeout (timers.js:232:11)
    at Timer.listOnTimeout (timers.js:202:5)
/home/strass/projects/exalted-roller/node_modules/ws/lib/WebSocket.js:219
    else throw new Error('not opened');
         ^

Error: not opened
    at WebSocket.send (/home/strass/projects/exalted-roller/node_modules/ws/lib/WebSocket.js:219:16)
    at WebSocketManager.send (/home/strass/projects/exalted-roller/node_modules/discord.js/src/client/websocket/WebSocketManager.js:78:15)
    at Timeout.heartbeatInterval.client.setInterval [as _repeat] (/home/strass/projects/exalted-roller/node_modules/discord.js/src/client/ClientManager.js:44:22)
    at Timeout.wrapper [as _onTimeout] (timers.js:425:11)
    at tryOnTimeout (timers.js:232:11)
    at Timer.listOnTimeout (timers.js:202:5)
/home/strass/projects/exalted-roller/node_modules/ws/lib/WebSocket.js:219
    else throw new Error('not opened');
         ^

Error: not opened
    at WebSocket.send (/home/strass/projects/exalted-roller/node_modules/ws/lib/WebSocket.js:219:16)
    at WebSocketManager.send (/home/strass/projects/exalted-roller/node_modules/discord.js/src/client/websocket/WebSocketManager.js:78:15)
    at Timeout.heartbeatInterval.client.setInterval [as _repeat] (/home/strass/projects/exalted-roller/node_modules/discord.js/src/client/ClientManager.js:44:22)
    at Timeout.wrapper [as _onTimeout] (timers.js:425:11)
    at tryOnTimeout (timers.js:232:11)
    at Timer.listOnTimeout (timers.js:202:5)
/home/strass/projects/exalted-roller/exalted-roller.js:14
    mybot.reply(message, parseMessage(message))
          ^

TypeError: mybot.reply is not a function
    at Client.<anonymous> (/home/strass/projects/exalted-roller/exalted-roller.js:14:11)
    at emitOne (events.js:96:13)
    at Client.emit (events.js:188:7)
    at MessageCreateHandler.handle (/home/strass/projects/exalted-roller/node_modules/discord.js/src/client/websocket/packets/handlers/MessageCreate.js:9:34)
    at WebSocketPacketManager.handle (/home/strass/projects/exalted-roller/node_modules/discord.js/src/client/websocket/packets/WebSocketPacketManager.js:93:65)
    at WebSocketManager.eventMessage (/home/strass/projects/exalted-roller/node_modules/discord.js/src/client/websocket/WebSocketManager.js:176:31)
    at WebSocket.ws.onmessage (/home/strass/projects/exalted-roller/node_modules/discord.js/src/client/websocket/WebSocketManager.js:65:37)
    at WebSocket.onMessage (/home/strass/projects/exalted-roller/node_modules/ws/lib/WebSocket.js:442:14)
    at emitTwo (events.js:106:13)
    at WebSocket.emit (events.js:191:7)
